<?xml version="1.0" encoding="UTF-8"?>
<!-- Generated by org.testng.reporters.JUnitReportReporter -->
<testsuite hostname="LTIN194303" failures="0" tests="1" name="testCases.HealthInsurance" time="12.275" errors="0" timestamp="2024-02-19T21:40:06 IST" skipped="0">
  <testcase classname="testCases.HealthInsurance" name="HealthInsurance1" time="12.275"/>
</testsuite> <!-- testCases.HealthInsurance -->
