<?xml version="1.0" encoding="UTF-8"?>
<!-- Generated by org.testng.reporters.JUnitReportReporter -->
<testsuite hostname="LTIN194303" failures="0" tests="1" name="testCase.TC_001_TravelDetails" time="52.101" errors="0" timestamp="2024-02-21T16:34:01 IST" skipped="0">
  <testcase classname="testCase.TC_001_TravelDetails" name="travelDetails" time="52.101"/>
</testsuite> <!-- testCase.TC_001_TravelDetails -->
