<?xml version="1.0" encoding="UTF-8"?>
<!-- Generated by org.testng.reporters.JUnitReportReporter -->
<testsuite hostname="LTIN194303" failures="0" tests="11" name="testCases.TestCase" time="67.140" errors="0" timestamp="2024-02-23T23:12:46 IST" skipped="0">
  <testcase classname="testCases.TestCase" name="validatTravelInsunce" time="0.878"/>
  <testcase classname="testCases.TestCase" name="travelDetails" time="5.668"/>
  <testcase classname="testCases.TestCase" name="studentDataVerify" time="3.688"/>
  <testcase classname="testCases.TestCase" name="dataSort" time="4.991"/>
  <testcase classname="testCases.TestCase" name="StudentPlanDetails" time="2.309"/>
  <testcase classname="testCases.TestCase" name="CarInsurenceDetails" time="6.889"/>
  <testcase classname="testCases.TestCase" name="errorMessageValidate" time="1.160"/>
  <testcase classname="testCases.TestCase" name="correctDatailValidation" time="0.775"/>
  <testcase classname="testCases.TestCase" name="quotationData" time="12.485"/>
  <testcase classname="testCases.TestCase" name="HealthInsurancePlan" time="11.485"/>
  <testcase classname="testCases.TestCase" name="allHealthInsurance" time="16.812"/>
</testsuite> <!-- testCases.TestCase -->
