<?xml version="1.0" encoding="UTF-8"?>
<!-- Generated by org.testng.reporters.JUnitReportReporter -->
<testsuite hostname="LTIN194303" failures="0" tests="1" name="testCase.TC_002_CarInsurenceDetails" time="9.456" errors="0" timestamp="2024-02-21T16:34:01 IST" skipped="0">
  <testcase classname="testCase.TC_002_CarInsurenceDetails" name="CarInsurenceDetails" time="9.456"/>
</testsuite> <!-- testCase.TC_002_CarInsurenceDetails -->
