<?xml version="1.0" encoding="UTF-8"?>
<!-- Generated by org.testng.reporters.JUnitReportReporter -->
<testsuite hostname="LTIN194303" failures="0" tests="1" name="testCases.CarInsurance" time="8.195" errors="0" timestamp="2024-02-19T17:54:19 IST" skipped="0">
  <testcase classname="testCases.CarInsurance" name="carInsurance" time="8.195"/>
</testsuite> <!-- testCases.CarInsurance -->
