<?xml version="1.0" encoding="UTF-8"?>
<!-- Generated by org.testng.reporters.JUnitReportReporter -->
<testsuite hostname="LTIN194303" failures="0" tests="10" name="testCases.TestCase" time="195.526" errors="0" timestamp="2024-03-11T09:39:46 IST" skipped="0">
  <testcase classname="testCases.TestCase" name="validatTravelInsunce" time="1.054"/>
  <testcase classname="testCases.TestCase" name="travelDetails" time="8.321"/>
  <testcase classname="testCases.TestCase" name="studentDataVerify" time="5.183"/>
  <testcase classname="testCases.TestCase" name="dataSort" time="11.735"/>
  <testcase classname="testCases.TestCase" name="StudentPlanDetails" time="3.236"/>
  <testcase classname="testCases.TestCase" name="CarInsurenceDetails" time="33.210"/>
  <testcase classname="testCases.TestCase" name="errorMessageValidate" time="51.214"/>
  <testcase classname="testCases.TestCase" name="correctDatailValidation" time="31.865"/>
  <testcase classname="testCases.TestCase" name="HealthInsurancePlan" time="10.888"/>
  <testcase classname="testCases.TestCase" name="allHealthInsurance" time="38.820"/>
</testsuite> <!-- testCases.TestCase -->
