<?xml version="1.0" encoding="UTF-8"?>
<!-- Generated by org.testng.reporters.JUnitReportReporter -->
<testsuite hostname="LTIN194303" failures="0" tests="10" name="testCases.TestCase" time="64.341" errors="0" timestamp="2024-03-03T19:38:49 IST" skipped="0">
  <testcase classname="testCases.TestCase" name="validatTravelInsunce" time="1.096"/>
  <testcase classname="testCases.TestCase" name="travelDetails" time="6.118"/>
  <testcase classname="testCases.TestCase" name="studentDataVerify" time="3.374"/>
  <testcase classname="testCases.TestCase" name="dataSort" time="9.637"/>
  <testcase classname="testCases.TestCase" name="StudentPlanDetails" time="1.952"/>
  <testcase classname="testCases.TestCase" name="CarInsurenceDetails" time="7.615"/>
  <testcase classname="testCases.TestCase" name="errorMessageValidate" time="1.430"/>
  <testcase classname="testCases.TestCase" name="correctDatailValidation" time="4.275"/>
  <testcase classname="testCases.TestCase" name="HealthInsurancePlan" time="11.511"/>
  <testcase classname="testCases.TestCase" name="allHealthInsurance" time="17.333"/>
</testsuite> <!-- testCases.TestCase -->
